<?xml version="1.0" encoding="UTF-8"?>
<!-- Generated by org.testng.reporters.JUnitXMLReporter -->
<testsuite ignored="0" hostname="UPLAP1361" failures="1" tests="1" name="Test" time="24.759" errors="0" timestamp="2023-06-20T20:02:27 IST">
  <testcase classname="com.qa.testCases.TC_LoginTest_01" name="loginTest" time="22.679">
    <failure type="java.lang.AssertionError" message="expected [true] but found [false]">
      <![CDATA[java.lang.AssertionError: expected [true] but found [false]
at com.qa.testCases.TC_LoginTest_01.loginTest(TC_LoginTest_01.java:29)
at java.base/java.util.ArrayList.forEach(ArrayList.java:1511)
... Removed 31 stack frames]]>
    </failure>
  </testcase> <!-- loginTest -->
</testsuite> <!-- Test -->
